[2025-11-19 16:57:15.701] [SERVER] ╔══════════════════════════════════════════════════════════════════════╗
[2025-11-19 16:57:15.701] [SERVER] ║                                                                      ║
[2025-11-19 16:57:15.701] [SERVER] ║    SATP Network Server - Real UDP Implementation                    ║
[2025-11-19 16:57:15.701] [SERVER] ║    Secure Assistive Transport Protocol                              ║
[2025-11-19 16:57:15.701] [SERVER] ║                                                                      ║
[2025-11-19 16:57:15.701] [SERVER] ╚══════════════════════════════════════════════════════════════════════╝
[2025-11-19 16:57:15.701] [SERVER] [INFO] Server will listen on UDP port: 5555
[2025-11-19 16:57:15.702] [SERVER] [INFO] Press Ctrl+C to stop the server
[2025-11-19 16:57:15.702] [SERVER] [SATP-SERVER] ═══════════════════════════════
[2025-11-19 16:57:15.702] [SERVER] [SATP-SERVER] Starting SATP Server...
[2025-11-19 16:57:15.702] [SERVER] [SATP-SERVER] ═══════════════════════════════
[2025-11-19 16:57:15.702] [SERVER] [SATP-SERVER] ✓ Server started successfully
[2025-11-19 16:57:15.702] [SERVER] [SATP-SERVER] Listening on port: 5555
[2025-11-19 16:57:15.702] [SERVER] [SATP-SERVER] Transport: UDP
[2025-11-19 16:57:15.702] [SERVER] [SATP-SERVER] Waiting for clients...
[2025-11-19 16:57:15.702] [SERVER] [SATP-SERVER] Server running. Press Ctrl+C to stop.
[2025-11-19 16:57:18.704] [CLIENT] ╔══════════════════════════════════════════════════════════════════════╗
[2025-11-19 16:57:18.704] [CLIENT] ║                                                                      ║
[2025-11-19 16:57:18.704] [CLIENT] ║    SATP Network Client - Real UDP Implementation                    ║
[2025-11-19 16:57:18.704] [CLIENT] ║    Secure Assistive Transport Protocol                              ║
[2025-11-19 16:57:18.704] [CLIENT] ║                                                                      ║
[2025-11-19 16:57:18.704] [CLIENT] ╚══════════════════════════════════════════════════════════════════════╝
[2025-11-19 16:57:18.704] [CLIENT] [INFO] Server address: 127.0.0.1:5555
[2025-11-19 16:57:18.704] [CLIENT] [SATP-NET] Initializing UDP socket...
[2025-11-19 16:57:18.704] [CLIENT] [SATP-NET] ✓ UDP socket initialized
[2025-11-19 16:57:18.705] [CLIENT] [SATP-NET] Server: 127.0.0.1:5555
[2025-11-19 16:57:18.705] [CLIENT] [SATP] ═══ Starting Connection Handshake ═══
[2025-11-19 16:57:18.705] [CLIENT] [SATP] Device: SMART_CANE_001
[2025-11-19 16:57:18.705] [CLIENT] [SATP] ✓ Encryption initialized with PSK: MAXIMUM
[2025-11-19 16:57:18.705] [CLIENT] [SATP] Step 1/3: Sending HELLO...
[2025-11-19 16:57:18.707] [CLIENT] [SATP-NET] ↑ Sent HELLO (seq: 0, 81 bytes)
[2025-11-19 16:57:18.708] [CLIENT] [SATP] Step 2/3: Waiting for HELLO_ACK...
[2025-11-19 16:57:18.707] [SERVER] [SATP-SERVER] ↓ Received 81 bytes from 127.0.0.1:46491
[2025-11-19 16:57:18.708] [SERVER] [SATP-SERVER] Processing: HELLO (seq: 0)
[2025-11-19 16:57:18.708] [SERVER] [SATP-SERVER] → New client connection request
[2025-11-19 16:57:18.708] [SERVER] [SATP-SERVER] ✓ Session created for device: SMART_CANE_001
[2025-11-19 16:57:18.708] [SERVER] [SATP-SERVER] Session ID: 0x187966824099cd0b
[2025-11-19 16:57:18.710] [SERVER] [SATP-SERVER] ↑ Sent HELLO_ACK (56 bytes)
[2025-11-19 16:57:18.710] [CLIENT] [SATP-NET] ↓ Received HELLO_ACK (seq: 0, 56 bytes)
[2025-11-19 16:57:18.711] [CLIENT] [SATP] ✓ HELLO_ACK received
[2025-11-19 16:57:18.710] [SERVER] [SATP-SERVER] ↓ Received 56 bytes from 127.0.0.1:46491
[2025-11-19 16:57:18.711] [CLIENT] [SATP] Step 3/3: Sending KEY_EXCHANGE...
[2025-11-19 16:57:18.711] [CLIENT] [SATP-NET] ↑ Sent KEY_EXCHANGE (seq: 1, 56 bytes)
[2025-11-19 16:57:18.711] [CLIENT] [SATP-NET] ↓ Received SESSION_READY (seq: 1, 56 bytes)
[2025-11-19 16:57:18.711] [CLIENT] [SATP] ✓ SESSION_READY received
[2025-11-19 16:57:18.711] [CLIENT] [SATP] ═══════════════════════════════════
[2025-11-19 16:57:18.711] [CLIENT] [SATP] ✓✓✓ CONNECTION ESTABLISHED ✓✓✓
[2025-11-19 16:57:18.711] [SERVER] [SATP-SERVER] Processing: KEY_EXCHANGE (seq: 1)
[2025-11-19 16:57:18.711] [CLIENT] [SATP] ═══════════════════════════════════
[2025-11-19 16:57:18.712] [CLIENT] [SATP] Session ID: 0x187966824099cd0b
[2025-11-19 16:57:18.712] [SERVER] [SATP-SERVER] → Key exchange in progress
[2025-11-19 16:57:18.712] [CLIENT] [SATP] Security Level: MAXIMUM
[2025-11-19 16:57:18.712] [SERVER] [SATP-SERVER] ↑ Sent SESSION_READY (56 bytes)
[2025-11-19 16:57:18.712] [CLIENT] [SATP] Transport: UDP over port 5555
[2025-11-19 16:57:18.712] [SERVER] [SATP-SERVER] ✓ Session authenticated: SMART_CANE_001
[2025-11-19 16:57:18.712] [CLIENT] [SATP] ═══════════════════════════════════
[2025-11-19 16:57:18.712] [SERVER] [SATP-SERVER] ↓ Received 96 bytes from 127.0.0.1:46491
[2025-11-19 16:57:18.712] [CLIENT] [TEST] Starting data transmission tests...
[2025-11-19 16:57:18.712] [SERVER] [SATP-SERVER] Processing: DATA (seq: 2)
[2025-11-19 16:57:18.712] [CLIENT] ═══ Test 1: Sending Navigation Data ═══
[2025-11-19 16:57:18.712] [SERVER] [SATP-SERVER] ✓ DATA from SMART_CANE_001 (priority: 1, payload: 40 bytes)
[2025-11-19 16:57:18.712] [CLIENT] [TEST] Sending location update #1
[2025-11-19 16:57:18.713] [SERVER] [SATP-SERVER] Decrypted data: 51.160360,71.470270,45.000000,-1.000000,
[2025-11-19 16:57:18.713] [CLIENT] Lat: 51.1605, Lon: 71.4704
[2025-11-19 16:57:18.714] [CLIENT] [SATP-NET] ↑ Sent DATA (seq: 2, 96 bytes)
[2025-11-19 16:57:18.714] [CLIENT] ✓ Sent successfully
[2025-11-19 16:57:19.211] [CLIENT] [TEST] Sending location update #2
[2025-11-19 16:57:19.211] [CLIENT] Lat: 51.1606, Lon: 71.4705
[2025-11-19 16:57:19.211] [SERVER] [SATP-SERVER] ↓ Received 96 bytes from 127.0.0.1:46491
[2025-11-19 16:57:19.211] [CLIENT] [SATP-NET] ↑ Sent DATA (seq: 3, 96 bytes)
[2025-11-19 16:57:19.211] [SERVER] [SATP-SERVER] Processing: DATA (seq: 3)
[2025-11-19 16:57:19.212] [CLIENT] ✓ Sent successfully
[2025-11-19 16:57:19.212] [SERVER] [SATP-SERVER] ✓ DATA from SMART_CANE_001 (priority: 1, payload: 40 bytes)
[2025-11-19 16:57:19.212] [SERVER] [SATP-SERVER] Decrypted data: 51.160811,71.470721,60.000000,-1.000000,
[2025-11-19 16:57:19.711] [CLIENT] [TEST] Sending location update #3
[2025-11-19 16:57:19.711] [SERVER] [SATP-SERVER] ↓ Received 96 bytes from 127.0.0.1:46491
[2025-11-19 16:57:19.711] [CLIENT] Lat: 51.1607, Lon: 71.4706
[2025-11-19 16:57:19.711] [SERVER] [SATP-SERVER] Processing: DATA (seq: 4)
[2025-11-19 16:57:19.711] [SERVER] [SATP-SERVER] ✓ DATA from SMART_CANE_001 (priority: 1, payload: 40 bytes)
[2025-11-19 16:57:19.712] [CLIENT] [SATP-NET] ↑ Sent DATA (seq: 4, 96 bytes)
[2025-11-19 16:57:19.712] [SERVER] [SATP-SERVER] Decrypted data: 51.160811,71.470721,75.000000,-1.000000,
[2025-11-19 16:57:19.712] [CLIENT] ✓ Sent successfully
[2025-11-19 16:57:20.211] [CLIENT] ═══ Test 2: Sending Critical Obstacle Alert ═══
[2025-11-19 16:57:20.211] [CLIENT] [TEST] ⚠ CRITICAL: Obstacle at 1.5 meters!
[2025-11-19 16:57:20.211] [CLIENT] [SATP-NET] ↑ Sent DATA (seq: 5, 105 bytes)
[2025-11-19 16:57:20.211] [SERVER] [SATP-SERVER] ↓ Received 105 bytes from 127.0.0.1:46491
[2025-11-19 16:57:20.212] [CLIENT] ✓ Critical alert sent
[2025-11-19 16:57:20.212] [SERVER] [SATP-SERVER] Processing: DATA (seq: 5)
[2025-11-19 16:57:20.212] [SERVER] [SATP-SERVER] ✓ DATA from SMART_CANE_001 (priority: 3, payload: 49 bytes)
[2025-11-19 16:57:20.213] [SERVER] [SATP-SERVER] Decrypted data: 51.160811,71.470721,75.000000,1.500000,pedestrian
[2025-11-19 16:57:20.711] [CLIENT] ═══ Test 3: Sending Custom Data ═══
[2025-11-19 16:57:20.711] [SERVER] [SATP-SERVER] ↓ Received 115 bytes from 127.0.0.1:46491
[2025-11-19 16:57:20.712] [CLIENT] [TEST] Sending: "Hello from Smart Cane! Battery OK, all sensors operational."
[2025-11-19 16:57:20.712] [SERVER] [SATP-SERVER] Processing: DATA (seq: 6)
[2025-11-19 16:57:20.712] [CLIENT] [SATP-NET] ↑ Sent DATA (seq: 6, 115 bytes)
[2025-11-19 16:57:20.713] [SERVER] [SATP-SERVER] ✓ DATA from SMART_CANE_001 (priority: 1, payload: 59 bytes)
[2025-11-19 16:57:20.713] [CLIENT] ✓ Custom data sent
[2025-11-19 16:57:20.713] [SERVER] [SATP-SERVER] Decrypted data: Hello from Smart Cane! Battery OK, all sensors operational.
[2025-11-19 16:57:21.211] [CLIENT] ═══ Test 4: Sending Heartbeat ═══
[2025-11-19 16:57:21.212] [SERVER] [SATP-SERVER] ↓ Received 56 bytes from 127.0.0.1:46491
[2025-11-19 16:57:21.212] [SERVER] [SATP-SERVER] Processing: HEARTBEAT (seq: 7)
[2025-11-19 16:57:21.212] [SERVER] [SATP-SERVER] ✓ Heartbeat from SMART_CANE_001
[2025-11-19 16:57:21.212] [CLIENT] [SATP-NET] ↑ Sent HEARTBEAT (seq: 7, 56 bytes)
[2025-11-19 16:57:21.212] [CLIENT] ✓ Heartbeat sent
[2025-11-19 16:57:21.712] [CLIENT] ═══ Test 5: Testing Power-Aware Security ═══
[2025-11-19 16:57:21.712] [CLIENT] [TEST] Simulating battery drain...
[2025-11-19 16:57:21.712] [CLIENT] [TEST] Battery: 65%
[2025-11-19 16:57:21.712] [CLIENT] [SATP] Power state: FULL → BALANCED
[2025-11-19 16:57:21.713] [CLIENT] [SATP] Security adapted: BALANCED
[2025-11-19 16:57:21.714] [CLIENT] [SATP-NET] ↑ Sent DATA (seq: 8, 95 bytes)
[2025-11-19 16:57:21.714] [SERVER] [SATP-SERVER] ↓ Received 95 bytes from 127.0.0.1:46491
[2025-11-19 16:57:21.714] [SERVER] [SATP-SERVER] Processing: DATA (seq: 8)
[2025-11-19 16:57:21.714] [SERVER] [SATP-SERVER] ✗ HMAC verification failed!
[2025-11-19 16:57:22.214] [CLIENT] [TEST] Battery: 40%
[2025-11-19 16:57:22.214] [SERVER] [SATP-SERVER] ↓ Received 95 bytes from 127.0.0.1:46491
[2025-11-19 16:57:22.214] [CLIENT] [SATP-NET] ↑ Sent DATA (seq: 9, 95 bytes)
[2025-11-19 16:57:22.215] [SERVER] [SATP-SERVER] Processing: DATA (seq: 9)
[2025-11-19 16:57:22.215] [SERVER] [SATP-SERVER] ✗ HMAC verification failed!
[2025-11-19 16:57:22.714] [CLIENT] [TEST] Battery: 15%
[2025-11-19 16:57:22.715] [SERVER] [SATP-SERVER] ↓ Received 95 bytes from 127.0.0.1:46491
[2025-11-19 16:57:22.715] [CLIENT] [SATP] Power state: BALANCED → LOW
[2025-11-19 16:57:22.715] [SERVER] [SATP-SERVER] Processing: DATA (seq: 10)
[2025-11-19 16:57:22.715] [CLIENT] [SATP] Security adapted: MINIMAL
[2025-11-19 16:57:22.715] [SERVER] [SATP-SERVER] ✗ HMAC verification failed!
[2025-11-19 16:57:22.715] [CLIENT] [SATP-NET] ↑ Sent DATA (seq: 10, 95 bytes)
[2025-11-19 16:57:23.214] [CLIENT] ═══ Final Statistics ═══
[2025-11-19 16:57:23.215] [CLIENT] [SATP] ═══ NETWORK STATISTICS ═══
[2025-11-19 16:57:23.215] [CLIENT] [SATP] Device ID: SMART_CANE_001
[2025-11-19 16:57:23.215] [SERVER] [SATP-SERVER] ↓ Received 56 bytes from 127.0.0.1:46491
[2025-11-19 16:57:23.215] [CLIENT] [SATP] Session ID: 0x187966824099cd0b
[2025-11-19 16:57:23.215] [SERVER] [SATP-SERVER] Processing: DISCONNECT (seq: 11)
[2025-11-19 16:57:23.215] [CLIENT] [SATP] State: CONNECTED
[2025-11-19 16:57:23.216] [SERVER] [SATP-SERVER] Client disconnected: SMART_CANE_001
[2025-11-19 16:57:23.216] [CLIENT] [SATP] Security: MINIMAL
[2025-11-19 16:57:23.216] [CLIENT] [SATP] Battery: 15%
[2025-11-19 16:57:23.216] [CLIENT] [SATP] Messages Sent: 11
[2025-11-19 16:57:23.217] [CLIENT] [SATP] Messages Received: 2
[2025-11-19 16:57:23.217] [CLIENT] [SATP] Bytes Sent: 986 bytes
[2025-11-19 16:57:23.217] [CLIENT] [SATP] Bytes Received: 112 bytes
[2025-11-19 16:57:23.217] [CLIENT] [SATP] Errors: 0
[2025-11-19 16:57:23.217] [CLIENT] [SATP] ═══════════════════════════
[2025-11-19 16:57:23.217] [CLIENT] [TEST] Disconnecting from server...
[2025-11-19 16:57:23.217] [CLIENT] [SATP] Disconnecting...
[2025-11-19 16:57:23.218] [CLIENT] [SATP-NET] ↑ Sent DISCONNECT (seq: 11, 56 bytes)
[2025-11-19 16:57:23.218] [CLIENT] [SATP] ✓ Disconnected
[2025-11-19 16:57:23.218] [CLIENT] ╔══════════════════════════════════════════════════════════════════╗
[2025-11-19 16:57:23.218] [CLIENT] ║              SATP Network Test Completed Successfully            ║
[2025-11-19 16:57:23.218] [CLIENT] ╚══════════════════════════════════════════════════════════════════╝
[2025-11-19 16:57:23.218] [CLIENT] [SATP] ✓ Disconnected
[2025-11-19 17:01:39.616] [SERVER] [SIGNAL] Interrupt signal received (15)
[2025-11-19 17:01:39.616] [SERVER] [SATP-SERVER] ═══ SERVER STATISTICS ═══
[2025-11-19 17:01:39.616] [SERVER] [SATP-SERVER] Port: 5555
[2025-11-19 17:01:39.616] [SERVER] [SATP-SERVER] Active Sessions: 0
[2025-11-19 17:01:39.616] [SERVER] [SATP-SERVER] Messages Received: 12
[2025-11-19 17:01:39.616] [SERVER] [SATP-SERVER] Messages Sent: 2
[2025-11-19 17:01:39.616] [SERVER] [SATP-SERVER] Bytes Received: 1042 bytes
[2025-11-19 17:01:39.616] [SERVER] [SATP-SERVER] Bytes Sent: 112 bytes
[2025-11-19 17:01:39.616] [SERVER] [SATP-SERVER] ═══════════════════════════
[2025-11-19 17:01:39.617] [SERVER] [SATP-SERVER] Server stopped
